0 info it worked if it ends with ok
1 verbose cli [ '/usr/bin/node',
1 verbose cli   '/usr/bin/npm',
1 verbose cli   'install',
1 verbose cli   'babel-cli@6',
1 verbose cli   'babel-preset-react-app@3' ]
2 info using npm@3.5.2
3 info using node@v8.10.0
4 silly loadCurrentTree Starting
5 silly install loadCurrentTree
6 silly install readLocalPackageData
7 silly fetchPackageMetaData babel-cli@6
8 silly fetchPackageMetaData babel-preset-react-app@3
9 silly fetchNamedPackageData babel-cli
10 silly mapToRegistry name babel-cli
11 silly mapToRegistry using default registry
12 silly mapToRegistry registry https://registry.npmjs.org/
13 silly mapToRegistry uri https://registry.npmjs.org/babel-cli
14 silly fetchNamedPackageData babel-preset-react-app
15 silly mapToRegistry name babel-preset-react-app
16 silly mapToRegistry using default registry
17 silly mapToRegistry registry https://registry.npmjs.org/
18 silly mapToRegistry uri https://registry.npmjs.org/babel-preset-react-app
19 verbose request uri https://registry.npmjs.org/babel-cli
20 verbose request no auth needed
21 info attempt registry request try #1 at 3:15:00 PM
22 verbose request id f338a09426a0649b
23 http request GET https://registry.npmjs.org/babel-cli
24 verbose request uri https://registry.npmjs.org/babel-preset-react-app
25 verbose request no auth needed
26 info attempt registry request try #1 at 3:15:00 PM
27 http request GET https://registry.npmjs.org/babel-preset-react-app
28 info retry will retry, error on last attempt: Error: getaddrinfo EAI_AGAIN registry.npmjs.org:443
29 info retry will retry, error on last attempt: Error: getaddrinfo EAI_AGAIN registry.npmjs.org:443
30 info attempt registry request try #2 at 3:15:20 PM
31 http request GET https://registry.npmjs.org/babel-cli
32 info attempt registry request try #2 at 3:15:20 PM
33 http request GET https://registry.npmjs.org/babel-preset-react-app
34 info retry will retry, error on last attempt: Error: getaddrinfo EAI_AGAIN registry.npmjs.org:443
35 info retry will retry, error on last attempt: Error: getaddrinfo EAI_AGAIN registry.npmjs.org:443
36 info attempt registry request try #3 at 3:16:30 PM
37 http request GET https://registry.npmjs.org/babel-cli
38 info attempt registry request try #3 at 3:16:30 PM
39 http request GET https://registry.npmjs.org/babel-preset-react-app
40 silly fetchPackageMetaData Error: getaddrinfo EAI_AGAIN registry.npmjs.org:443
40 silly fetchPackageMetaData     at Object._errnoException (util.js:1022:11)
40 silly fetchPackageMetaData     at errnoException (dns.js:55:15)
40 silly fetchPackageMetaData     at GetAddrInfoReqWrap.onlookup [as oncomplete] (dns.js:92:26)
40 silly fetchPackageMetaData  error for babel-cli@6 { Error: getaddrinfo EAI_AGAIN registry.npmjs.org:443
40 silly fetchPackageMetaData     at Object._errnoException (util.js:1022:11)
40 silly fetchPackageMetaData     at errnoException (dns.js:55:15)
40 silly fetchPackageMetaData     at GetAddrInfoReqWrap.onlookup [as oncomplete] (dns.js:92:26)
40 silly fetchPackageMetaData   code: 'EAI_AGAIN',
40 silly fetchPackageMetaData   errno: 'EAI_AGAIN',
40 silly fetchPackageMetaData   syscall: 'getaddrinfo',
40 silly fetchPackageMetaData   hostname: 'registry.npmjs.org',
40 silly fetchPackageMetaData   host: 'registry.npmjs.org',
40 silly fetchPackageMetaData   port: 443 }
41 silly fetchPackageMetaData Error: getaddrinfo EAI_AGAIN registry.npmjs.org:443
41 silly fetchPackageMetaData     at Object._errnoException (util.js:1022:11)
41 silly fetchPackageMetaData     at errnoException (dns.js:55:15)
41 silly fetchPackageMetaData     at GetAddrInfoReqWrap.onlookup [as oncomplete] (dns.js:92:26)
41 silly fetchPackageMetaData  error for babel-preset-react-app@3 { Error: getaddrinfo EAI_AGAIN registry.npmjs.org:443
41 silly fetchPackageMetaData     at Object._errnoException (util.js:1022:11)
41 silly fetchPackageMetaData     at errnoException (dns.js:55:15)
41 silly fetchPackageMetaData     at GetAddrInfoReqWrap.onlookup [as oncomplete] (dns.js:92:26)
41 silly fetchPackageMetaData   code: 'EAI_AGAIN',
41 silly fetchPackageMetaData   errno: 'EAI_AGAIN',
41 silly fetchPackageMetaData   syscall: 'getaddrinfo',
41 silly fetchPackageMetaData   hostname: 'registry.npmjs.org',
41 silly fetchPackageMetaData   host: 'registry.npmjs.org',
41 silly fetchPackageMetaData   port: 443 }
42 silly rollbackFailedOptional Starting
43 silly rollbackFailedOptional Finishing
44 silly runTopLevelLifecycles Starting
45 silly runTopLevelLifecycles Finishing
46 silly install printInstalled
47 verbose stack Error: getaddrinfo EAI_AGAIN registry.npmjs.org:443
47 verbose stack     at Object._errnoException (util.js:1022:11)
47 verbose stack     at errnoException (dns.js:55:15)
47 verbose stack     at GetAddrInfoReqWrap.onlookup [as oncomplete] (dns.js:92:26)
48 verbose cwd /home/albert/git/spa-email
49 error Linux 5.10.102.1-microsoft-standard-WSL2
50 error argv "/usr/bin/node" "/usr/bin/npm" "install" "babel-cli@6" "babel-preset-react-app@3"
51 error node v8.10.0
52 error npm  v3.5.2
53 error code EAI_AGAIN
54 error errno EAI_AGAIN
55 error syscall getaddrinfo
56 error getaddrinfo EAI_AGAIN registry.npmjs.org:443
57 error If you need help, you may report this error at:
57 error     <https://github.com/npm/npm/issues>
58 verbose exit [ 1, true ]
